# JRE version: OpenJDK Runtime Environment Microsoft-11369865 (17.0.15+6) (build 17.0.15+6-LTS)
# Java VM: OpenJDK 64-Bit Server VM Microsoft-11369865 (17.0.15+6-LTS, mixed mode, sharing, tiered, compressed oops, compressed class ptrs, g1 gc, windows-amd64)
GC Precious Log:
 CPUs: 32 total, 32 available
 Memory: 65299M
 Large Page Support: Disabled
 NUMA Support: Disabled
 Compressed Oops: Enabled (Zero based)
 Heap Region Size: 8M
 Heap Min Capacity: 8M
 Heap Initial Capacity: 1G
 Heap Max Capacity: 16328M
 Pre-touch: Disabled
 Parallel Workers: 23
 Concurrent Workers: 6
 Concurrent Refinement Workers: 23
 Periodic GC: Disabled
Heap:
 garbage-first heap   total 114688K, used 53646K [0x0000000403800000, 0x0000000800000000)
  region size 8192K, 4 young (32768K), 1 survivors (8192K)
 Metaspace       used 77117K, committed 77760K, reserved 1179648K
  class space    used 10424K, committed 10752K, reserved 1048576K
GC Heap History (20 events):
Event: 10.633 GC heap before
{Heap before GC invocations=13 (full 0):
 garbage-first heap   total 114688K, used 72898K [0x0000000403800000, 0x0000000800000000)
  region size 8192K, 6 young (49152K), 1 survivors (8192K)
 Metaspace       used 73498K, committed 74112K, reserved 1114112K
  class space    used 9987K, committed 10304K, reserved 1048576K
}
Event: 10.636 GC heap after
{Heap after GC invocations=14 (full 0):
 garbage-first heap   total 114688K, used 35054K [0x0000000403800000, 0x0000000800000000)
  region size 8192K, 1 young (8192K), 1 survivors (8192K)
 Metaspace       used 73498K, committed 74112K, reserved 1114112K
  class space    used 9987K, committed 10304K, reserved 1048576K
}
Event: 94.353 GC heap before
{Heap before GC invocations=14 (full 0):
 garbage-first heap   total 114688K, used 76014K [0x0000000403800000, 0x0000000800000000)
  region size 8192K, 6 young (49152K), 1 survivors (8192K)
 Metaspace       used 76685K, committed 77376K, reserved 1179648K
  class space    used 10415K, committed 10752K, reserved 1048576K
}
Event: 94.356 GC heap after
{Heap after GC invocations=15 (full 0):
 garbage-first heap   total 114688K, used 36600K [0x0000000403800000, 0x0000000800000000)
  region size 8192K, 1 young (8192K), 1 survivors (8192K)
 Metaspace       used 76685K, committed 77376K, reserved 1179648K
  class space    used 10415K, committed 10752K, reserved 1048576K
}
Event: 296.809 GC heap before
{Heap before GC invocations=15 (full 0):
 garbage-first heap   total 114688K, used 77560K [0x0000000403800000, 0x0000000800000000)
  region size 8192K, 6 young (49152K), 1 survivors (8192K)
 Metaspace       used 76811K, committed 77504K, reserved 1179648K
  class space    used 10415K, committed 10752K, reserved 1048576K
}
Event: 296.811 GC heap after
{Heap after GC invocations=16 (full 0):
 garbage-first heap   total 114688K, used 36845K [0x0000000403800000, 0x0000000800000000)
  region size 8192K, 1 young (8192K), 1 survivors (8192K)
 Metaspace       used 76811K, committed 77504K, reserved 1179648K
  class space    used 10415K, committed 10752K, reserved 1048576K
}
Event: 501.848 GC heap before
{Heap before GC invocations=16 (full 0):
 garbage-first heap   total 114688K, used 77805K [0x0000000403800000, 0x0000000800000000)
  region size 8192K, 6 young (49152K), 1 survivors (8192K)
 Metaspace       used 76822K, committed 77504K, reserved 1179648K
  class space    used 10415K, committed 10752K, reserved 1048576K
}
Event: 501.850 GC heap after
{Heap after GC invocations=17 (full 0):
 garbage-first heap   total 114688K, used 36752K [0x0000000403800000, 0x0000000800000000)
  region size 8192K, 1 young (8192K), 1 survivors (8192K)
 Metaspace       used 76822K, committed 77504K, reserved 1179648K
  class space    used 10415K, committed 10752K, reserved 1048576K
}
Event: 707.017 GC heap before
{Heap before GC invocations=17 (full 0):
 garbage-first heap   total 114688K, used 77712K [0x0000000403800000, 0x0000000800000000)
  region size 8192K, 6 young (49152K), 1 survivors (8192K)
 Metaspace       used 76857K, committed 77568K, reserved 1179648K
  class space    used 10415K, committed 10752K, reserved 1048576K
}
Event: 707.019 GC heap after
{Heap after GC invocations=18 (full 0):
 garbage-first heap   total 114688K, used 36661K [0x0000000403800000, 0x0000000800000000)
  region size 8192K, 1 young (8192K), 1 survivors (8192K)
 Metaspace       used 76857K, committed 77568K, reserved 1179648K
  class space    used 10415K, committed 10752K, reserved 1048576K
}
Event: 908.344 GC heap before
{Heap before GC invocations=18 (full 0):
 garbage-first heap   total 114688K, used 77621K [0x0000000403800000, 0x0000000800000000)
  region size 8192K, 6 young (49152K), 1 survivors (8192K)
 Metaspace       used 76908K, committed 77568K, reserved 1179648K
  class space    used 10416K, committed 10752K, reserved 1048576K
}
Event: 908.346 GC heap after
{Heap after GC invocations=19 (full 0):
 garbage-first heap   total 114688K, used 36847K [0x0000000403800000, 0x0000000800000000)
  region size 8192K, 1 young (8192K), 1 survivors (8192K)
 Metaspace       used 76908K, committed 77568K, reserved 1179648K
  class space    used 10416K, committed 10752K, reserved 1048576K
}
Event: 1111.700 GC heap before
{Heap before GC invocations=19 (full 0):
 garbage-first heap   total 114688K, used 77807K [0x0000000403800000, 0x0000000800000000)
  region size 8192K, 6 young (49152K), 1 survivors (8192K)
 Metaspace       used 76957K, committed 77632K, reserved 1179648K
  class space    used 10416K, committed 10752K, reserved 1048576K
}
Event: 1111.702 GC heap after
{Heap after GC invocations=20 (full 0):
 garbage-first heap   total 114688K, used 36880K [0x0000000403800000, 0x0000000800000000)
  region size 8192K, 1 young (8192K), 1 survivors (8192K)
 Metaspace       used 76957K, committed 77632K, reserved 1179648K
  class space    used 10416K, committed 10752K, reserved 1048576K
}
Event: 1316.531 GC heap before
{Heap before GC invocations=20 (full 0):
 garbage-first heap   total 114688K, used 77840K [0x0000000403800000, 0x0000000800000000)
  region size 8192K, 6 young (49152K), 1 survivors (8192K)
 Metaspace       used 76970K, committed 77632K, reserved 1179648K
  class space    used 10416K, committed 10752K, reserved 1048576K
}
Event: 1316.532 GC heap after
{Heap after GC invocations=21 (full 0):
 garbage-first heap   total 114688K, used 36910K [0x0000000403800000, 0x0000000800000000)
  region size 8192K, 1 young (8192K), 1 survivors (8192K)
 Metaspace       used 76970K, committed 77632K, reserved 1179648K
  class space    used 10416K, committed 10752K, reserved 1048576K
}
Event: 1507.913 GC heap before
{Heap before GC invocations=21 (full 0):
 garbage-first heap   total 114688K, used 77870K [0x0000000403800000, 0x0000000800000000)
  region size 8192K, 6 young (49152K), 1 survivors (8192K)
 Metaspace       used 77061K, committed 77760K, reserved 1179648K
  class space    used 10421K, committed 10752K, reserved 1048576K
}
Event: 1507.918 GC heap after
{Heap after GC invocations=22 (full 0):
 garbage-first heap   total 114688K, used 37116K [0x0000000403800000, 0x0000000800000000)
  region size 8192K, 1 young (8192K), 1 survivors (8192K)
 Metaspace       used 77061K, committed 77760K, reserved 1179648K
  class space    used 10421K, committed 10752K, reserved 1048576K
}
Event: 1705.197 GC heap before
{Heap before GC invocations=22 (full 0):
 garbage-first heap   total 114688K, used 78076K [0x0000000403800000, 0x0000000800000000)
  region size 8192K, 6 young (49152K), 1 survivors (8192K)
 Metaspace       used 77108K, committed 77760K, reserved 1179648K
  class space    used 10424K, committed 10752K, reserved 1048576K
}
Event: 1705.198 GC heap after
{Heap after GC invocations=23 (full 0):
 garbage-first heap   total 114688K, used 37262K [0x0000000403800000, 0x0000000800000000)
  region size 8192K, 1 young (8192K), 1 survivors (8192K)
 Metaspace       used 77108K, committed 77760K, reserved 1179648K
  class space    used 10424K, committed 10752K, reserved 1048576K
}

